
=========== ERR_FATAL REPORT =========
compressed textures: disabled
HACK: using vertex lightmap approximation
Initializing Shaders
----- finished R_Init -----

------- sound initialization -------
Initializing DirectSound
------------------------------------
----- Sound Info -----
sound system is muted
    1 stereo
32768 samples
   16 samplebits
    1 submission_chunk
22050 speed
0xfca0050 dma buffer
No background file.
----------------------
Sound memory manager started
Loading dll file ui
UI menu load time = 865 milli seconds
UI menu load time = 1285 milli seconds
34 bots parsed
--- Common Initialization Complete ---
Winsock Initialized
Opening IP socket: 0:27960
Hostname: coda-PC
IP: 192.168.1.65
Working directory: C:\Program Files\QLPrism
Proceeding with delayed mouse init
94.76.229.7:27010 resolved to 94.76.229.7:27010
Waiting for authentication.Disconnected from server